<?xml version="1.0" encoding="UTF-8"?>
<testsuite xmlns:xsi="http://www.w3.org/2001/XMLSchema-instance" xsi:noNamespaceSchemaLocation="https://maven.apache.org/surefire/maven-surefire-plugin/xsd/surefire-test-report-3.0.xsd" version="3.0" name="TestSuite" time="0.364" tests="4" errors="0" skipped="0" failures="0">
  <properties>
[...]
</properties>
  <testcase name="selenium" classname="qaclickacademy.SeleniumTest" time="0.006"/>
  <testcase name="sri" classname="qaclickacademy.SeleniumTest" time="0.002"/>
  <testcase name="Restpush" classname="qaclickacademy.RestAPITest" time="0.001"/>
  <testcase name="Rsetapi" classname="qaclickacademy.RestAPITest" time="0.001"/>
</testsuite>