<?xml version="1.0" encoding="UTF-8"?>
<testng-results ignored="0" total="4" passed="4" failed="0" skipped="0">
  <reporter-output>
  </reporter-output>
  <suite started-at="2019-01-24T09:28:17Z" name="Suite" finished-at="2019-01-24T09:28:17Z" duration-ms="21">
    <groups>
    </groups>
    <test started-at="2019-01-24T09:28:17Z" name="Test" finished-at="2019-01-24T09:28:17Z" duration-ms="21">
      <class name="qaclickacademy.RestAPITest">
        <test-method signature="Restpush()[pri:0, instance:qaclickacademy.RestAPITest@43c1b556]" started-at="2019-01-24T09:28:17Z" name="Restpush" finished-at="2019-01-24T09:28:17Z" duration-ms="0" status="PASS">
          <reporter-output>
          </reporter-output>
        </test-method> <!-- Restpush -->
        <test-method signature="Rsetapi()[pri:0, instance:qaclickacademy.RestAPITest@43c1b556]" started-at="2019-01-24T09:28:17Z" name="Rsetapi" finished-at="2019-01-24T09:28:17Z" duration-ms="1" status="PASS">
          <reporter-output>
          </reporter-output>
        </test-method> <!-- Rsetapi -->
      </class> <!-- qaclickacademy.RestAPITest -->
      <class name="qaclickacademy.SeleniumTest">
        <test-method signature="selenium()[pri:0, instance:qaclickacademy.SeleniumTest@4009e306]" started-at="2019-01-24T09:28:17Z" name="selenium" finished-at="2019-01-24T09:28:17Z" duration-ms="4" status="PASS">
          <reporter-output>
          </reporter-output>
        </test-method> <!-- selenium -->
        <test-method signature="sri()[pri:0, instance:qaclickacademy.SeleniumTest@4009e306]" started-at="2019-01-24T09:28:17Z" name="sri" finished-at="2019-01-24T09:28:17Z" duration-ms="1" status="PASS">
          <reporter-output>
          </reporter-output>
        </test-method> <!-- sri -->
      </class> <!-- qaclickacademy.SeleniumTest -->
    </test> <!-- Test -->
  </suite> <!-- Suite -->
</testng-results>
